<?xml version="1.0" encoding="UTF-8"?>
<testng-results skipped="0" failed="0" ignored="0" total="2" passed="2">
  <reporter-output>
  </reporter-output>
  <suite name="Suite" duration-ms="42371" started-at="2019-08-08T18:19:30Z" finished-at="2019-08-08T18:20:12Z">
    <groups>
    </groups>
    <test name="Test" duration-ms="42371" started-at="2019-08-08T18:19:30Z" finished-at="2019-08-08T18:20:12Z">
      <class name="signpackage.SignTest">
        <test-method status="PASS" signature="setUp()[pri:0, instance:signpackage.SignTest@9629756]" name="setUp" is-config="true" duration-ms="20565" started-at="2019-08-08T18:19:30Z" finished-at="2019-08-08T18:19:51Z">
          <reporter-output>
          </reporter-output>
        </test-method> <!-- setUp -->
        <test-method status="PASS" signature="case1()[pri:1, instance:signpackage.SignTest@9629756]" name="case1" duration-ms="7507" started-at="2019-08-08T18:19:51Z" finished-at="2019-08-08T18:19:58Z">
          <reporter-output>
          </reporter-output>
        </test-method> <!-- case1 -->
        <test-method status="PASS" signature="case3()[pri:3, instance:signpackage.SignTest@9629756]" name="case3" duration-ms="14269" started-at="2019-08-08T18:19:58Z" finished-at="2019-08-08T18:20:12Z">
          <reporter-output>
          </reporter-output>
        </test-method> <!-- case3 -->
      </class> <!-- signpackage.SignTest -->
    </test> <!-- Test -->
  </suite> <!-- Suite -->
</testng-results>
